<?xml version="1.0" encoding="UTF-8"?>
<!-- Generated by org.testng.reporters.JUnitReportReporter -->
<testsuite hostname="anirudha-Vostro-2520" failures="0" tests="10" name="com.orange.qa.testcases.DashboardPageTest" time="162.440" errors="0" timestamp="12 Apr 2021 10:16:23 GMT" skipped="0">
  <testcase classname="com.orange.qa.testcases.DashboardPageTest" name="verifyDashboardPageTitle" time="14.540"/>
  <testcase classname="com.orange.qa.testcases.DashboardPageTest" name="verifyAssignLeavePageLoad" time="16.639"/>
  <testcase classname="com.orange.qa.testcases.DashboardPageTest" name="verifyLeaveList" time="17.536"/>
  <testcase classname="com.orange.qa.testcases.DashboardPageTest" name="verifyTimeSheets" time="18.219"/>
  <testcase classname="com.orange.qa.testcases.DashboardPageTest" name="verifyApplyLeave" time="17.430"/>
  <testcase classname="com.orange.qa.testcases.DashboardPageTest" name="verifyMyLeave" time="16.208"/>
  <testcase classname="com.orange.qa.testcases.DashboardPageTest" name="verifyMyTimeSheetLoads" time="19.057"/>
  <testcase classname="com.orange.qa.testcases.DashboardPageTest" name="verifyEmployeeDistributionDisplayed" time="13.860"/>
  <testcase classname="com.orange.qa.testcases.DashboardPageTest" name="verifyLegendLoad" time="14.444"/>
  <testcase classname="com.orange.qa.testcases.DashboardPageTest" name="verifyPendingLeaveDisplayed" time="14.507"/>
</testsuite> <!-- com.orange.qa.testcases.DashboardPageTest -->
