<?xml version="1.0" encoding="UTF-8"?>
<!-- Generated by org.testng.reporters.JUnitReportReporter -->
<testsuite hostname="anirudha-Vostro-2520" failures="0" tests="3" name="com.orange.qa.testcases.LoginPageTest" time="54.617" errors="0" timestamp="10 Apr 2021 17:09:55 GMT" skipped="0">
  <testcase classname="com.orange.qa.testcases.LoginPageTest" name="verifyPageTitle" time="10.009"/>
  <testcase classname="com.orange.qa.testcases.LoginPageTest" name="validateLogin" time="31.737"/>
  <testcase classname="com.orange.qa.testcases.LoginPageTest" name="verifyForgotLink" time="12.871"/>
</testsuite> <!-- com.orange.qa.testcases.LoginPageTest -->
