<?xml version="1.0" encoding="UTF-8"?>
<!-- Generated by org.testng.reporters.JUnitReportReporter -->
<testsuite hostname="anirudha-Vostro-2520" failures="0" tests="3" name="com.orange.qa.testcases.LoginPageTest" time="31.918" errors="0" timestamp="12 Apr 2021 10:16:23 GMT" skipped="0">
  <testcase classname="com.orange.qa.testcases.LoginPageTest" name="verifyPageTitle" time="8.490"/>
  <testcase classname="com.orange.qa.testcases.LoginPageTest" name="validateLogin" time="14.340"/>
  <testcase classname="com.orange.qa.testcases.LoginPageTest" name="verifyForgotLink" time="9.088"/>
</testsuite> <!-- com.orange.qa.testcases.LoginPageTest -->
