<?xml version="1.0" encoding="UTF-8"?>
<!-- Generated by org.testng.reporters.JUnitReportReporter -->
<testsuite hostname="anirudha-Vostro-2520" failures="0" tests="1" name="com.orange.qa.testcases.DashboardPageTest" time="20.235" errors="0" timestamp="10 Apr 2021 17:06:37 GMT" skipped="0">
  <testcase classname="com.orange.qa.testcases.DashboardPageTest" name="verifyPendingLeaveDisplayed" time="20.235"/>
</testsuite> <!-- com.orange.qa.testcases.DashboardPageTest -->
